0 verbose cli /usr/bin/node /usr/bin/npm
1 info using npm@10.8.2
2 info using node@v20.19.6
3 silly config load:file:/usr/lib/node_modules/npm/npmrc
4 silly config load:file:/tmp/.npmrc
5 silly config load:file:/workspace/git-calc-app-2-29cdb00/repo/.npmrc
6 silly config load:file:/usr/etc/npmrc
7 verbose title npm install jsdom
8 verbose argv "install" "jsdom"
9 verbose logfile logs-max:10 dir:/workspace/git-calc-app-2-29cdb00/repo/.npm/_logs/2026-01-14T12_09_41_364Z-
10 verbose logfile /workspace/git-calc-app-2-29cdb00/repo/.npm/_logs/2026-01-14T12_09_41_364Z-debug-0.log
11 silly packumentCache heap:1961623552 maxSize:490405888 maxEntrySize:245202944
12 silly logfile done cleaning log files
13 silly idealTree buildDeps
14 silly fetch manifest jsdom@*
15 silly packumentCache full:https://registry.npmjs.org/jsdom cache-miss
16 http fetch GET 200 https://registry.npmjs.org/jsdom 148ms (cache miss)
17 silly packumentCache full:https://registry.npmjs.org/jsdom set size:undefined disposed:false
18 silly fetch manifest canvas@^3.0.0
19 silly packumentCache full:https://registry.npmjs.org/canvas cache-miss
20 http fetch GET 200 https://registry.npmjs.org/canvas 48ms (cache miss)
21 silly packumentCache full:https://registry.npmjs.org/canvas set size:undefined disposed:false
22 silly placeDep ROOT jsdom@27.4.0 OK for:  want: *
23 silly fetch manifest @acemir/cssom@^0.9.28
24 silly packumentCache full:https://registry.npmjs.org/@acemir%2fcssom cache-miss
25 silly fetch manifest @asamuzakjp/dom-selector@^6.7.6
26 silly packumentCache full:https://registry.npmjs.org/@asamuzakjp%2fdom-selector cache-miss
27 silly fetch manifest @exodus/bytes@^1.6.0
28 silly packumentCache full:https://registry.npmjs.org/@exodus%2fbytes cache-miss
29 silly fetch manifest cssstyle@^5.3.4
30 silly packumentCache full:https://registry.npmjs.org/cssstyle cache-miss
31 silly fetch manifest data-urls@^6.0.0
32 silly packumentCache full:https://registry.npmjs.org/data-urls cache-miss
33 silly fetch manifest decimal.js@^10.6.0
34 silly packumentCache full:https://registry.npmjs.org/decimal.js cache-miss
35 silly fetch manifest html-encoding-sniffer@^6.0.0
36 silly packumentCache full:https://registry.npmjs.org/html-encoding-sniffer cache-miss
37 silly fetch manifest http-proxy-agent@^7.0.2
38 silly packumentCache full:https://registry.npmjs.org/http-proxy-agent cache-miss
39 silly fetch manifest https-proxy-agent@^7.0.6
40 silly packumentCache full:https://registry.npmjs.org/https-proxy-agent cache-miss
41 silly fetch manifest is-potential-custom-element-name@^1.0.1
42 silly packumentCache full:https://registry.npmjs.org/is-potential-custom-element-name cache-miss
43 silly fetch manifest parse5@^8.0.0
44 silly packumentCache full:https://registry.npmjs.org/parse5 cache-miss
45 http fetch GET 200 https://registry.npmjs.org/http-proxy-agent 86ms (cache miss)
46 silly packumentCache full:https://registry.npmjs.org/http-proxy-agent set size:undefined disposed:false
47 silly fetch manifest saxes@^6.0.0
48 silly packumentCache full:https://registry.npmjs.org/saxes cache-miss
49 http fetch GET 200 https://registry.npmjs.org/is-potential-custom-element-name 109ms (cache miss)
50 silly packumentCache full:https://registry.npmjs.org/is-potential-custom-element-name set size:undefined disposed:false
51 silly fetch manifest symbol-tree@^3.2.4
52 silly packumentCache full:https://registry.npmjs.org/symbol-tree cache-miss
53 http fetch GET 200 https://registry.npmjs.org/html-encoding-sniffer 114ms (cache miss)
54 silly packumentCache full:https://registry.npmjs.org/html-encoding-sniffer set size:undefined disposed:false
55 silly fetch manifest tough-cookie@^6.0.0
56 silly packumentCache full:https://registry.npmjs.org/tough-cookie cache-miss
57 http fetch GET 200 https://registry.npmjs.org/data-urls 125ms (cache miss)
58 silly packumentCache full:https://registry.npmjs.org/data-urls set size:undefined disposed:false
59 silly fetch manifest w3c-xmlserializer@^5.0.0
60 silly packumentCache full:https://registry.npmjs.org/w3c-xmlserializer cache-miss
61 http fetch GET 200 https://registry.npmjs.org/decimal.js 142ms (cache miss)
62 silly packumentCache full:https://registry.npmjs.org/decimal.js set size:undefined disposed:false
63 silly fetch manifest webidl-conversions@^8.0.0
64 silly packumentCache full:https://registry.npmjs.org/webidl-conversions cache-miss
65 http fetch GET 200 https://registry.npmjs.org/cssstyle 146ms (cache miss)
66 silly packumentCache full:https://registry.npmjs.org/cssstyle set size:undefined disposed:false
67 silly fetch manifest whatwg-mimetype@^4.0.0
68 silly packumentCache full:https://registry.npmjs.org/whatwg-mimetype cache-miss
69 http fetch GET 200 https://registry.npmjs.org/https-proxy-agent 155ms (cache miss)
70 silly packumentCache full:https://registry.npmjs.org/https-proxy-agent set size:undefined disposed:false
71 silly fetch manifest whatwg-url@^15.1.0
72 silly packumentCache full:https://registry.npmjs.org/whatwg-url cache-miss
73 http fetch GET 200 https://registry.npmjs.org/@exodus%2fbytes 167ms (cache miss)
74 silly packumentCache full:https://registry.npmjs.org/@exodus%2fbytes set size:undefined disposed:false
75 silly fetch manifest ws@^8.18.3
76 silly packumentCache full:https://registry.npmjs.org/ws cache-miss
77 http fetch GET 200 https://registry.npmjs.org/parse5 172ms (cache miss)
78 silly packumentCache full:https://registry.npmjs.org/parse5 set size:undefined disposed:false
79 silly fetch manifest xml-name-validator@^5.0.0
80 silly packumentCache full:https://registry.npmjs.org/xml-name-validator cache-miss
81 http fetch GET 200 https://registry.npmjs.org/w3c-xmlserializer 57ms (cache miss)
82 silly packumentCache full:https://registry.npmjs.org/w3c-xmlserializer set size:undefined disposed:false
83 http fetch GET 200 https://registry.npmjs.org/whatwg-mimetype 43ms (cache miss)
84 silly packumentCache full:https://registry.npmjs.org/whatwg-mimetype set size:undefined disposed:false
85 http fetch GET 200 https://registry.npmjs.org/symbol-tree 81ms (cache miss)
86 silly packumentCache full:https://registry.npmjs.org/symbol-tree set size:undefined disposed:false
87 http fetch GET 200 https://registry.npmjs.org/tough-cookie 80ms (cache miss)
88 silly packumentCache full:https://registry.npmjs.org/tough-cookie set size:undefined disposed:false
89 http fetch GET 200 https://registry.npmjs.org/@asamuzakjp%2fdom-selector 202ms (cache miss)
90 silly packumentCache full:https://registry.npmjs.org/@asamuzakjp%2fdom-selector set size:undefined disposed:false
91 http fetch GET 200 https://registry.npmjs.org/saxes 129ms (cache miss)
92 silly packumentCache full:https://registry.npmjs.org/saxes set size:undefined disposed:false
93 http fetch GET 200 https://registry.npmjs.org/xml-name-validator 45ms (cache miss)
94 silly packumentCache full:https://registry.npmjs.org/xml-name-validator set size:undefined disposed:false
95 http fetch GET 200 https://registry.npmjs.org/ws 57ms (cache miss)
96 silly packumentCache full:https://registry.npmjs.org/ws set size:undefined disposed:false
97 http fetch GET 200 https://registry.npmjs.org/whatwg-url 163ms (cache miss)
98 silly packumentCache full:https://registry.npmjs.org/whatwg-url set size:undefined disposed:false
99 http fetch GET 200 https://registry.npmjs.org/webidl-conversions 351ms (cache miss)
100 silly packumentCache full:https://registry.npmjs.org/webidl-conversions set size:undefined disposed:false
101 http fetch GET 200 https://registry.npmjs.org/@acemir%2fcssom 610ms (cache miss)
102 silly packumentCache full:https://registry.npmjs.org/@acemir%2fcssom set size:undefined disposed:false
103 silly fetch manifest @exodus/crypto@^1.0.0-rc.4
104 silly packumentCache full:https://registry.npmjs.org/@exodus%2fcrypto cache-miss
105 http fetch GET 200 https://registry.npmjs.org/@exodus%2fcrypto 73ms (cache miss)
106 silly packumentCache full:https://registry.npmjs.org/@exodus%2fcrypto set size:undefined disposed:false
107 silly fetch manifest bufferutil@^4.0.1
108 silly packumentCache full:https://registry.npmjs.org/bufferutil cache-miss
109 http fetch GET 200 https://registry.npmjs.org/bufferutil 38ms (cache miss)
110 silly packumentCache full:https://registry.npmjs.org/bufferutil set size:undefined disposed:false
111 silly fetch manifest utf-8-validate@>=5.0.2
112 silly packumentCache full:https://registry.npmjs.org/utf-8-validate cache-miss
113 http fetch GET 200 https://registry.npmjs.org/utf-8-validate 39ms (cache miss)
114 silly packumentCache full:https://registry.npmjs.org/utf-8-validate set size:undefined disposed:false
115 silly placeDep ROOT @acemir/cssom@0.9.31 OK for: jsdom@27.4.0 want: ^0.9.28
116 silly placeDep ROOT @asamuzakjp/dom-selector@6.7.6 OK for: jsdom@27.4.0 want: ^6.7.6
117 silly placeDep ROOT @exodus/bytes@1.8.0 OK for: jsdom@27.4.0 want: ^1.6.0
118 silly placeDep ROOT cssstyle@5.3.7 OK for: jsdom@27.4.0 want: ^5.3.4
119 silly placeDep ROOT data-urls@6.0.0 OK for: jsdom@27.4.0 want: ^6.0.0
120 silly placeDep ROOT decimal.js@10.6.0 OK for: jsdom@27.4.0 want: ^10.6.0
121 silly placeDep ROOT html-encoding-sniffer@6.0.0 OK for: jsdom@27.4.0 want: ^6.0.0
122 silly placeDep ROOT http-proxy-agent@7.0.2 OK for: jsdom@27.4.0 want: ^7.0.2
123 silly placeDep ROOT https-proxy-agent@7.0.6 OK for: jsdom@27.4.0 want: ^7.0.6
124 silly placeDep ROOT is-potential-custom-element-name@1.0.1 OK for: jsdom@27.4.0 want: ^1.0.1
125 silly placeDep ROOT parse5@8.0.0 OK for: jsdom@27.4.0 want: ^8.0.0
126 silly placeDep ROOT saxes@6.0.0 OK for: jsdom@27.4.0 want: ^6.0.0
127 silly placeDep ROOT symbol-tree@3.2.4 OK for: jsdom@27.4.0 want: ^3.2.4
128 silly placeDep ROOT tough-cookie@6.0.0 OK for: jsdom@27.4.0 want: ^6.0.0
129 silly placeDep ROOT w3c-xmlserializer@5.0.0 OK for: jsdom@27.4.0 want: ^5.0.0
130 silly placeDep ROOT webidl-conversions@8.0.1 OK for: jsdom@27.4.0 want: ^8.0.0
131 silly placeDep ROOT whatwg-mimetype@4.0.0 OK for: jsdom@27.4.0 want: ^4.0.0
132 silly placeDep ROOT whatwg-url@15.1.0 OK for: jsdom@27.4.0 want: ^15.1.0
133 silly placeDep ROOT ws@8.19.0 OK for: jsdom@27.4.0 want: ^8.18.3
134 silly placeDep ROOT xml-name-validator@5.0.0 OK for: jsdom@27.4.0 want: ^5.0.0
135 silly fetch manifest @asamuzakjp/nwsapi@^2.3.9
136 silly packumentCache full:https://registry.npmjs.org/@asamuzakjp%2fnwsapi cache-miss
137 silly fetch manifest bidi-js@^1.0.3
138 silly packumentCache full:https://registry.npmjs.org/bidi-js cache-miss
139 silly fetch manifest css-tree@^3.1.0
140 silly packumentCache full:https://registry.npmjs.org/css-tree cache-miss
141 silly fetch manifest lru-cache@^11.2.4
142 silly packumentCache full:https://registry.npmjs.org/lru-cache cache-miss
143 silly fetch manifest @asamuzakjp/css-color@^4.1.1
144 silly packumentCache full:https://registry.npmjs.org/@asamuzakjp%2fcss-color cache-miss
145 silly fetch manifest @csstools/css-syntax-patches-for-csstree@^1.0.21
146 silly packumentCache full:https://registry.npmjs.org/@csstools%2fcss-syntax-patches-for-csstree cache-miss
147 silly fetch manifest css-tree@^3.1.0
148 silly packumentCache full:https://registry.npmjs.org/css-tree cache-miss
149 silly fetch manifest lru-cache@^11.2.4
150 silly packumentCache full:https://registry.npmjs.org/lru-cache cache-miss
151 silly fetch manifest whatwg-url@^15.0.0
152 silly packumentCache full:https://registry.npmjs.org/whatwg-url cache-miss
153 silly fetch manifest agent-base@^7.1.0
154 silly packumentCache full:https://registry.npmjs.org/agent-base cache-miss
155 silly fetch manifest debug@^4.3.4
156 silly packumentCache full:https://registry.npmjs.org/debug cache-miss
157 http fetch GET 200 https://registry.npmjs.org/whatwg-url 19ms (cache hit)
158 silly packumentCache full:https://registry.npmjs.org/whatwg-url set size:165406 disposed:false
159 silly fetch manifest debug@4
160 silly packumentCache full:https://registry.npmjs.org/debug cache-miss
161 http fetch GET 200 https://registry.npmjs.org/bidi-js 80ms (cache miss)
162 silly packumentCache full:https://registry.npmjs.org/bidi-js set size:undefined disposed:false
163 silly fetch manifest agent-base@^7.1.2
164 silly packumentCache full:https://registry.npmjs.org/agent-base cache-miss
165 http fetch GET 200 https://registry.npmjs.org/@asamuzakjp%2fnwsapi 86ms (cache miss)
166 silly packumentCache full:https://registry.npmjs.org/@asamuzakjp%2fnwsapi set size:undefined disposed:false
167 silly fetch manifest entities@^6.0.0
168 silly packumentCache full:https://registry.npmjs.org/entities cache-miss
169 http fetch GET 200 https://registry.npmjs.org/@asamuzakjp%2fcss-color 91ms (cache miss)
170 silly packumentCache full:https://registry.npmjs.org/@asamuzakjp%2fcss-color set size:undefined disposed:false
171 silly fetch manifest xmlchars@^2.2.0
172 silly packumentCache full:https://registry.npmjs.org/xmlchars cache-miss
173 http fetch GET 200 https://registry.npmjs.org/css-tree 101ms (cache miss)
174 silly packumentCache full:https://registry.npmjs.org/css-tree set size:undefined disposed:false
175 silly fetch manifest tldts@^7.0.5
176 silly packumentCache full:https://registry.npmjs.org/tldts cache-miss
177 http fetch GET 200 https://registry.npmjs.org/css-tree 103ms (cache miss)
178 silly packumentCache full:https://registry.npmjs.org/css-tree set size:undefined disposed:false
179 silly fetch manifest tr46@^6.0.0
180 silly packumentCache full:https://registry.npmjs.org/tr46 cache-miss
181 http fetch GET 200 https://registry.npmjs.org/debug 105ms (cache miss)
182 silly packumentCache full:https://registry.npmjs.org/debug set size:undefined disposed:false
183 http fetch GET 200 https://registry.npmjs.org/agent-base 110ms (cache miss)
184 silly packumentCache full:https://registry.npmjs.org/agent-base set size:undefined disposed:false
185 http fetch GET 200 https://registry.npmjs.org/lru-cache 115ms (cache miss)
186 silly packumentCache full:https://registry.npmjs.org/lru-cache set size:undefined disposed:false
187 http fetch GET 200 https://registry.npmjs.org/lru-cache 121ms (cache miss)
188 silly packumentCache full:https://registry.npmjs.org/lru-cache set size:undefined disposed:false
189 http fetch GET 200 https://registry.npmjs.org/debug 105ms (cache miss)
190 silly packumentCache full:https://registry.npmjs.org/debug set size:undefined disposed:false
191 http fetch GET 200 https://registry.npmjs.org/xmlchars 46ms (cache miss)
192 silly packumentCache full:https://registry.npmjs.org/xmlchars set size:undefined disposed:false
193 http fetch GET 200 https://registry.npmjs.org/@csstools%2fcss-syntax-patches-for-csstree 140ms (cache miss)
194 silly packumentCache full:https://registry.npmjs.org/@csstools%2fcss-syntax-patches-for-csstree set size:undefined disposed:false
195 http fetch GET 200 https://registry.npmjs.org/agent-base 63ms (cache miss)
196 silly packumentCache full:https://registry.npmjs.org/agent-base set size:undefined disposed:false
197 http fetch GET 200 https://registry.npmjs.org/tr46 40ms (cache miss)
198 silly packumentCache full:https://registry.npmjs.org/tr46 set size:undefined disposed:false
199 http fetch GET 200 https://registry.npmjs.org/entities 85ms (cache miss)
200 silly packumentCache full:https://registry.npmjs.org/entities set size:undefined disposed:false
201 http fetch GET 200 https://registry.npmjs.org/tldts 83ms (cache miss)
202 silly packumentCache full:https://registry.npmjs.org/tldts set size:undefined disposed:false
203 silly placeDep ROOT @asamuzakjp/nwsapi@2.3.9 OK for: @asamuzakjp/dom-selector@6.7.6 want: ^2.3.9
204 silly placeDep ROOT bidi-js@1.0.3 OK for: @asamuzakjp/dom-selector@6.7.6 want: ^1.0.3
205 silly placeDep ROOT css-tree@3.1.0 OK for: @asamuzakjp/dom-selector@6.7.6 want: ^3.1.0
206 silly placeDep ROOT lru-cache@11.2.4 OK for: @asamuzakjp/dom-selector@6.7.6 want: ^11.2.4
207 silly fetch manifest require-from-string@^2.0.2
208 silly packumentCache full:https://registry.npmjs.org/require-from-string cache-miss
209 silly fetch manifest mdn-data@2.12.2
210 silly packumentCache full:https://registry.npmjs.org/mdn-data cache-miss
211 silly fetch manifest source-map-js@^1.0.1
212 silly packumentCache full:https://registry.npmjs.org/source-map-js cache-miss
213 http fetch GET 200 https://registry.npmjs.org/require-from-string 40ms (cache miss)
214 silly packumentCache full:https://registry.npmjs.org/require-from-string set size:undefined disposed:false
215 http fetch GET 200 https://registry.npmjs.org/source-map-js 44ms (cache miss)
216 silly packumentCache full:https://registry.npmjs.org/source-map-js set size:undefined disposed:false
217 http fetch GET 200 https://registry.npmjs.org/mdn-data 67ms (cache miss)
218 silly packumentCache full:https://registry.npmjs.org/mdn-data set size:undefined disposed:false
219 silly placeDep ROOT require-from-string@2.0.2 OK for: bidi-js@1.0.3 want: ^2.0.2
220 silly placeDep ROOT mdn-data@2.12.2 OK for: css-tree@3.1.0 want: 2.12.2
221 silly placeDep ROOT source-map-js@1.2.1 OK for: css-tree@3.1.0 want: ^1.0.1
222 silly placeDep ROOT @asamuzakjp/css-color@4.1.1 OK for: cssstyle@5.3.7 want: ^4.1.1
223 silly placeDep ROOT @csstools/css-syntax-patches-for-csstree@1.0.25 OK for: cssstyle@5.3.7 want: ^1.0.21
224 silly fetch manifest @csstools/css-calc@^2.1.4
225 silly packumentCache full:https://registry.npmjs.org/@csstools%2fcss-calc cache-miss
226 silly fetch manifest @csstools/css-color-parser@^3.1.0
227 silly packumentCache full:https://registry.npmjs.org/@csstools%2fcss-color-parser cache-miss
228 silly fetch manifest @csstools/css-parser-algorithms@^3.0.5
229 silly packumentCache full:https://registry.npmjs.org/@csstools%2fcss-parser-algorithms cache-miss
230 silly fetch manifest @csstools/css-tokenizer@^3.0.4
231 silly packumentCache full:https://registry.npmjs.org/@csstools%2fcss-tokenizer cache-miss
232 http fetch GET 200 https://registry.npmjs.org/@csstools%2fcss-calc 58ms (cache miss)
233 silly packumentCache full:https://registry.npmjs.org/@csstools%2fcss-calc set size:undefined disposed:false
234 http fetch GET 200 https://registry.npmjs.org/@csstools%2fcss-tokenizer 80ms (cache miss)
235 silly packumentCache full:https://registry.npmjs.org/@csstools%2fcss-tokenizer set size:undefined disposed:false
236 http fetch GET 200 https://registry.npmjs.org/@csstools%2fcss-parser-algorithms 83ms (cache miss)
237 silly packumentCache full:https://registry.npmjs.org/@csstools%2fcss-parser-algorithms set size:undefined disposed:false
238 http fetch GET 200 https://registry.npmjs.org/@csstools%2fcss-color-parser 93ms (cache miss)
239 silly packumentCache full:https://registry.npmjs.org/@csstools%2fcss-color-parser set size:undefined disposed:false
240 silly placeDep ROOT @csstools/css-calc@2.1.4 OK for: @asamuzakjp/css-color@4.1.1 want: ^2.1.4
241 silly placeDep ROOT @csstools/css-tokenizer@3.0.4 OK for: @csstools/css-calc@2.1.4 want: ^3.0.4
242 silly placeDep ROOT @csstools/css-parser-algorithms@3.0.5 OK for: @csstools/css-calc@2.1.4 want: ^3.0.5
243 silly placeDep ROOT @csstools/css-color-parser@3.1.0 OK for: @asamuzakjp/css-color@4.1.1 want: ^3.1.0
244 silly fetch manifest @csstools/color-helpers@^5.1.0
245 silly packumentCache full:https://registry.npmjs.org/@csstools%2fcolor-helpers cache-miss
246 http fetch GET 200 https://registry.npmjs.org/@csstools%2fcolor-helpers 56ms (cache miss)
247 silly packumentCache full:https://registry.npmjs.org/@csstools%2fcolor-helpers set size:undefined disposed:false
248 silly placeDep ROOT @csstools/color-helpers@5.1.0 OK for: @csstools/css-color-parser@3.1.0 want: ^5.1.0
249 silly placeDep ROOT agent-base@7.1.4 OK for: http-proxy-agent@7.0.2 want: ^7.1.0
250 silly placeDep ROOT debug@4.4.3 OK for: http-proxy-agent@7.0.2 want: ^4.3.4
251 silly fetch manifest ms@^2.1.3
252 silly packumentCache full:https://registry.npmjs.org/ms cache-miss
253 http fetch GET 200 https://registry.npmjs.org/ms 32ms (cache miss)
254 silly packumentCache full:https://registry.npmjs.org/ms set size:undefined disposed:false
255 silly placeDep ROOT ms@2.1.3 OK for: debug@4.4.3 want: ^2.1.3
256 silly placeDep ROOT entities@6.0.1 OK for: parse5@8.0.0 want: ^6.0.0
257 silly placeDep ROOT xmlchars@2.2.0 OK for: saxes@6.0.0 want: ^2.2.0
258 silly placeDep ROOT tldts@7.0.19 OK for: tough-cookie@6.0.0 want: ^7.0.5
259 silly fetch manifest tldts-core@^7.0.19
260 silly packumentCache full:https://registry.npmjs.org/tldts-core cache-miss
261 http fetch GET 200 https://registry.npmjs.org/tldts-core 104ms (cache miss)
262 silly packumentCache full:https://registry.npmjs.org/tldts-core set size:undefined disposed:false
263 silly placeDep ROOT tldts-core@7.0.19 OK for: tldts@7.0.19 want: ^7.0.19
264 silly placeDep ROOT tr46@6.0.0 OK for: whatwg-url@15.1.0 want: ^6.0.0
265 silly fetch manifest punycode@^2.3.1
266 silly packumentCache full:https://registry.npmjs.org/punycode cache-miss
267 http fetch GET 200 https://registry.npmjs.org/punycode 38ms (cache miss)
268 silly packumentCache full:https://registry.npmjs.org/punycode set size:undefined disposed:false
269 silly placeDep ROOT punycode@2.3.1 OK for: tr46@6.0.0 want: ^2.3.1
270 silly reify moves {}
271 silly tarball no local data for punycode@https://registry.npmjs.org/punycode/-/punycode-2.3.1.tgz. Extracting by manifest.
272 silly tarball no local data for entities@https://registry.npmjs.org/entities/-/entities-6.0.1.tgz. Extracting by manifest.
273 silly tarball no local data for tldts-core@https://registry.npmjs.org/tldts-core/-/tldts-core-7.0.19.tgz. Extracting by manifest.
274 silly tarball no local data for tr46@https://registry.npmjs.org/tr46/-/tr46-6.0.0.tgz. Extracting by manifest.
275 silly tarball no local data for xmlchars@https://registry.npmjs.org/xmlchars/-/xmlchars-2.2.0.tgz. Extracting by manifest.
276 silly tarball no local data for ms@https://registry.npmjs.org/ms/-/ms-2.1.3.tgz. Extracting by manifest.
277 silly tarball no local data for agent-base@https://registry.npmjs.org/agent-base/-/agent-base-7.1.4.tgz. Extracting by manifest.
278 silly tarball no local data for debug@https://registry.npmjs.org/debug/-/debug-4.4.3.tgz. Extracting by manifest.
279 silly tarball no local data for tldts@https://registry.npmjs.org/tldts/-/tldts-7.0.19.tgz. Extracting by manifest.
280 silly tarball no local data for @csstools/color-helpers@https://registry.npmjs.org/@csstools/color-helpers/-/color-helpers-5.1.0.tgz. Extracting by manifest.
281 silly tarball no local data for @csstools/css-parser-algorithms@https://registry.npmjs.org/@csstools/css-parser-algorithms/-/css-parser-algorithms-3.0.5.tgz. Extracting by manifest.
282 silly tarball no local data for @csstools/css-color-parser@https://registry.npmjs.org/@csstools/css-color-parser/-/css-color-parser-3.1.0.tgz. Extracting by manifest.
283 silly tarball no local data for @csstools/css-calc@https://registry.npmjs.org/@csstools/css-calc/-/css-calc-2.1.4.tgz. Extracting by manifest.
284 silly tarball no local data for @csstools/css-tokenizer@https://registry.npmjs.org/@csstools/css-tokenizer/-/css-tokenizer-3.0.4.tgz. Extracting by manifest.
285 silly tarball no local data for @csstools/css-syntax-patches-for-csstree@https://registry.npmjs.org/@csstools/css-syntax-patches-for-csstree/-/css-syntax-patches-for-csstree-1.0.25.tgz. Extracting by manifest.
286 silly tarball no local data for @asamuzakjp/css-color@https://registry.npmjs.org/@asamuzakjp/css-color/-/css-color-4.1.1.tgz. Extracting by manifest.
287 silly tarball no local data for source-map-js@https://registry.npmjs.org/source-map-js/-/source-map-js-1.2.1.tgz. Extracting by manifest.
288 silly tarball no local data for require-from-string@https://registry.npmjs.org/require-from-string/-/require-from-string-2.0.2.tgz. Extracting by manifest.
289 silly tarball no local data for mdn-data@https://registry.npmjs.org/mdn-data/-/mdn-data-2.12.2.tgz. Extracting by manifest.
290 silly tarball no local data for lru-cache@https://registry.npmjs.org/lru-cache/-/lru-cache-11.2.4.tgz. Extracting by manifest.
291 silly tarball no local data for bidi-js@https://registry.npmjs.org/bidi-js/-/bidi-js-1.0.3.tgz. Extracting by manifest.
292 silly tarball no local data for @asamuzakjp/nwsapi@https://registry.npmjs.org/@asamuzakjp/nwsapi/-/nwsapi-2.3.9.tgz. Extracting by manifest.
293 silly tarball no local data for css-tree@https://registry.npmjs.org/css-tree/-/css-tree-3.1.0.tgz. Extracting by manifest.
294 silly tarball no local data for xml-name-validator@https://registry.npmjs.org/xml-name-validator/-/xml-name-validator-5.0.0.tgz. Extracting by manifest.
295 silly tarball no local data for whatwg-url@https://registry.npmjs.org/whatwg-url/-/whatwg-url-15.1.0.tgz. Extracting by manifest.
296 silly tarball no local data for ws@https://registry.npmjs.org/ws/-/ws-8.19.0.tgz. Extracting by manifest.
297 silly tarball no local data for whatwg-mimetype@https://registry.npmjs.org/whatwg-mimetype/-/whatwg-mimetype-4.0.0.tgz. Extracting by manifest.
298 silly tarball no local data for webidl-conversions@https://registry.npmjs.org/webidl-conversions/-/webidl-conversions-8.0.1.tgz. Extracting by manifest.
299 silly tarball no local data for w3c-xmlserializer@https://registry.npmjs.org/w3c-xmlserializer/-/w3c-xmlserializer-5.0.0.tgz. Extracting by manifest.
300 silly tarball no local data for tough-cookie@https://registry.npmjs.org/tough-cookie/-/tough-cookie-6.0.0.tgz. Extracting by manifest.
301 silly tarball no local data for symbol-tree@https://registry.npmjs.org/symbol-tree/-/symbol-tree-3.2.4.tgz. Extracting by manifest.
302 silly tarball no local data for parse5@https://registry.npmjs.org/parse5/-/parse5-8.0.0.tgz. Extracting by manifest.
303 silly tarball no local data for saxes@https://registry.npmjs.org/saxes/-/saxes-6.0.0.tgz. Extracting by manifest.
304 silly tarball no local data for is-potential-custom-element-name@https://registry.npmjs.org/is-potential-custom-element-name/-/is-potential-custom-element-name-1.0.1.tgz. Extracting by manifest.
305 silly tarball no local data for https-proxy-agent@https://registry.npmjs.org/https-proxy-agent/-/https-proxy-agent-7.0.6.tgz. Extracting by manifest.
306 silly tarball no local data for http-proxy-agent@https://registry.npmjs.org/http-proxy-agent/-/http-proxy-agent-7.0.2.tgz. Extracting by manifest.
307 silly tarball no local data for html-encoding-sniffer@https://registry.npmjs.org/html-encoding-sniffer/-/html-encoding-sniffer-6.0.0.tgz. Extracting by manifest.
308 silly tarball no local data for decimal.js@https://registry.npmjs.org/decimal.js/-/decimal.js-10.6.0.tgz. Extracting by manifest.
309 silly tarball no local data for data-urls@https://registry.npmjs.org/data-urls/-/data-urls-6.0.0.tgz. Extracting by manifest.
310 silly tarball no local data for cssstyle@https://registry.npmjs.org/cssstyle/-/cssstyle-5.3.7.tgz. Extracting by manifest.
311 silly tarball no local data for @exodus/bytes@https://registry.npmjs.org/@exodus/bytes/-/bytes-1.8.0.tgz. Extracting by manifest.
312 silly tarball no local data for @asamuzakjp/dom-selector@https://registry.npmjs.org/@asamuzakjp/dom-selector/-/dom-selector-6.7.6.tgz. Extracting by manifest.
313 silly tarball no local data for @acemir/cssom@https://registry.npmjs.org/@acemir/cssom/-/cssom-0.9.31.tgz. Extracting by manifest.
314 silly tarball no local data for jsdom@https://registry.npmjs.org/jsdom/-/jsdom-27.4.0.tgz. Extracting by manifest.
315 http fetch GET 200 https://registry.npmjs.org/punycode/-/punycode-2.3.1.tgz 230ms (cache miss)
316 http fetch GET 200 https://registry.npmjs.org/ms/-/ms-2.1.3.tgz 227ms (cache miss)
317 http fetch GET 200 https://registry.npmjs.org/agent-base/-/agent-base-7.1.4.tgz 235ms (cache miss)
318 http fetch GET 200 https://registry.npmjs.org/@csstools/css-parser-algorithms/-/css-parser-algorithms-3.0.5.tgz 235ms (cache miss)
319 http fetch GET 200 https://registry.npmjs.org/require-from-string/-/require-from-string-2.0.2.tgz 246ms (cache miss)
320 http fetch GET 200 https://registry.npmjs.org/tr46/-/tr46-6.0.0.tgz 274ms (cache miss)
321 http fetch GET 200 https://registry.npmjs.org/debug/-/debug-4.4.3.tgz 272ms (cache miss)
322 http fetch GET 200 https://registry.npmjs.org/@asamuzakjp/nwsapi/-/nwsapi-2.3.9.tgz 268ms (cache miss)
323 http fetch GET 200 https://registry.npmjs.org/xml-name-validator/-/xml-name-validator-5.0.0.tgz 277ms (cache miss)
324 http fetch GET 200 https://registry.npmjs.org/w3c-xmlserializer/-/w3c-xmlserializer-5.0.0.tgz 286ms (cache miss)
325 http fetch GET 200 https://registry.npmjs.org/webidl-conversions/-/webidl-conversions-8.0.1.tgz 297ms (cache miss)
326 http fetch GET 200 https://registry.npmjs.org/xmlchars/-/xmlchars-2.2.0.tgz 318ms (cache miss)
327 http fetch GET 200 https://registry.npmjs.org/is-potential-custom-element-name/-/is-potential-custom-element-name-1.0.1.tgz 303ms (cache miss)
328 http fetch GET 200 https://registry.npmjs.org/symbol-tree/-/symbol-tree-3.2.4.tgz 305ms (cache miss)
329 http fetch GET 200 https://registry.npmjs.org/https-proxy-agent/-/https-proxy-agent-7.0.6.tgz 304ms (cache miss)
330 http fetch GET 200 https://registry.npmjs.org/http-proxy-agent/-/http-proxy-agent-7.0.2.tgz 302ms (cache miss)
331 http fetch GET 200 https://registry.npmjs.org/source-map-js/-/source-map-js-1.2.1.tgz 321ms (cache miss)
332 http fetch GET 200 https://registry.npmjs.org/html-encoding-sniffer/-/html-encoding-sniffer-6.0.0.tgz 310ms (cache miss)
333 http fetch GET 200 https://registry.npmjs.org/whatwg-mimetype/-/whatwg-mimetype-4.0.0.tgz 319ms (cache miss)
334 http fetch GET 200 https://registry.npmjs.org/data-urls/-/data-urls-6.0.0.tgz 310ms (cache miss)
335 http fetch GET 200 https://registry.npmjs.org/whatwg-url/-/whatwg-url-15.1.0.tgz 334ms (cache miss)
336 http fetch GET 200 https://registry.npmjs.org/saxes/-/saxes-6.0.0.tgz 338ms (cache miss)
337 http fetch GET 200 https://registry.npmjs.org/decimal.js/-/decimal.js-10.6.0.tgz 340ms (cache miss)
338 http fetch GET 200 https://registry.npmjs.org/ws/-/ws-8.19.0.tgz 349ms (cache miss)
339 http fetch GET 200 https://registry.npmjs.org/bidi-js/-/bidi-js-1.0.3.tgz 354ms (cache miss)
340 http fetch GET 200 https://registry.npmjs.org/@csstools/css-syntax-patches-for-csstree/-/css-syntax-patches-for-csstree-1.0.25.tgz 357ms (cache miss)
341 http fetch GET 200 https://registry.npmjs.org/@csstools/css-color-parser/-/css-color-parser-3.1.0.tgz 366ms (cache miss)
342 http fetch GET 200 https://registry.npmjs.org/mdn-data/-/mdn-data-2.12.2.tgz 408ms (cache miss)
343 http fetch GET 200 https://registry.npmjs.org/parse5/-/parse5-8.0.0.tgz 416ms (cache miss)
344 http fetch GET 200 https://registry.npmjs.org/tough-cookie/-/tough-cookie-6.0.0.tgz 426ms (cache miss)
345 http fetch GET 200 https://registry.npmjs.org/lru-cache/-/lru-cache-11.2.4.tgz 444ms (cache miss)
346 http fetch GET 200 https://registry.npmjs.org/@asamuzakjp/dom-selector/-/dom-selector-6.7.6.tgz 445ms (cache miss)
347 http fetch GET 200 https://registry.npmjs.org/@csstools/color-helpers/-/color-helpers-5.1.0.tgz 469ms (cache miss)
348 http fetch GET 200 https://registry.npmjs.org/@csstools/css-calc/-/css-calc-2.1.4.tgz 496ms (cache miss)
349 http fetch GET 200 https://registry.npmjs.org/@exodus/bytes/-/bytes-1.8.0.tgz 482ms (cache miss)
350 http fetch GET 200 https://registry.npmjs.org/@csstools/css-tokenizer/-/css-tokenizer-3.0.4.tgz 507ms (cache miss)
351 http fetch GET 200 https://registry.npmjs.org/entities/-/entities-6.0.1.tgz 517ms (cache miss)
352 http fetch GET 200 https://registry.npmjs.org/tldts-core/-/tldts-core-7.0.19.tgz 522ms (cache miss)
353 http fetch GET 200 https://registry.npmjs.org/cssstyle/-/cssstyle-5.3.7.tgz 519ms (cache miss)
354 http fetch GET 200 https://registry.npmjs.org/tldts/-/tldts-7.0.19.tgz 569ms (cache miss)
355 http fetch GET 200 https://registry.npmjs.org/@asamuzakjp/css-color/-/css-color-4.1.1.tgz 588ms (cache miss)
356 http fetch GET 200 https://registry.npmjs.org/@acemir/cssom/-/cssom-0.9.31.tgz 598ms (cache miss)
357 http fetch GET 200 https://registry.npmjs.org/css-tree/-/css-tree-3.1.0.tgz 637ms (cache miss)
358 http fetch GET 200 https://registry.npmjs.org/jsdom/-/jsdom-27.4.0.tgz 680ms (cache miss)
359 silly ADD node_modules/punycode
360 silly ADD node_modules/tr46
361 silly ADD node_modules/tldts-core
362 silly ADD node_modules/tldts
363 silly ADD node_modules/xmlchars
364 silly ADD node_modules/entities
365 silly ADD node_modules/ms
366 silly ADD node_modules/debug
367 silly ADD node_modules/agent-base
368 silly ADD node_modules/@csstools/color-helpers
369 silly ADD node_modules/@csstools/css-color-parser
370 silly ADD node_modules/@csstools/css-parser-algorithms
371 silly ADD node_modules/@csstools/css-tokenizer
372 silly ADD node_modules/@csstools/css-calc
373 silly ADD node_modules/@csstools/css-syntax-patches-for-csstree
374 silly ADD node_modules/@asamuzakjp/css-color
375 silly ADD node_modules/source-map-js
376 silly ADD node_modules/mdn-data
377 silly ADD node_modules/require-from-string
378 silly ADD node_modules/lru-cache
379 silly ADD node_modules/css-tree
380 silly ADD node_modules/bidi-js
381 silly ADD node_modules/@asamuzakjp/nwsapi
382 silly ADD node_modules/xml-name-validator
383 silly ADD node_modules/ws
384 silly ADD node_modules/whatwg-url
385 silly ADD node_modules/whatwg-mimetype
386 silly ADD node_modules/webidl-conversions
387 silly ADD node_modules/w3c-xmlserializer
388 silly ADD node_modules/tough-cookie
389 silly ADD node_modules/symbol-tree
390 silly ADD node_modules/saxes
391 silly ADD node_modules/parse5
392 silly ADD node_modules/is-potential-custom-element-name
393 silly ADD node_modules/https-proxy-agent
394 silly ADD node_modules/http-proxy-agent
395 silly ADD node_modules/html-encoding-sniffer
396 silly ADD node_modules/decimal.js
397 silly ADD node_modules/data-urls
398 silly ADD node_modules/cssstyle
399 silly ADD node_modules/@exodus/bytes
400 silly ADD node_modules/@asamuzakjp/dom-selector
401 silly ADD node_modules/@acemir/cssom
402 silly ADD node_modules/jsdom
403 verbose cwd /tmp
404 verbose os Linux 6.12.54-linuxkit
405 verbose node v20.19.6
406 verbose npm  v10.8.2
407 verbose exit 0
408 info ok
